#
# There is insufficient memory for the Java Runtime Environment to continue.
# Native memory allocation (malloc) failed to allocate 309248 bytes. Error detail: Chunk::new
# Possible reasons:
#   The system is out of physical RAM or swap space
#   This process is running with CompressedOops enabled, and the Java Heap may be blocking the growth of the native heap
# Possible solutions:
#   Reduce memory load on the system
#   Increase physical memory or swap space
#   Check if swap backing store is full
#   Decrease Java heap size (-Xmx/-Xms)
#   Decrease number of Java threads
#   Decrease Java thread stack sizes (-Xss)
#   Set larger code cache with -XX:ReservedCodeCacheSize=
#   JVM is running with Zero Based Compressed Oops mode in which the Java heap is
#     placed in the first 32GB address space. The Java Heap base address is the
#     maximum limit for the native heap growth. Please use -XX:HeapBaseMinAddress
#     to set the Java Heap base and to place the Java Heap above 32GB virtual address.
# This output file may be truncated or incomplete.
#
#  Out of Memory Error (arena.cpp:150), pid=18820, tid=3392
#
# JRE version: Java(TM) SE Runtime Environment (22.0.1+8) (build 22.0.1+8-16)
# Java VM: Java HotSpot(TM) 64-Bit Server VM (22.0.1+8-16, mixed mode, sharing, tiered, compressed oops, compressed class ptrs, g1 gc, windows-amd64)
# No core dump will be written. Minidumps are not enabled by default on client versions of Windows
#

---------------  S U M M A R Y ------------

Command Line: -javaagent:C:\Program Files\JetBrains\IntelliJ IDEA Community Edition 2024.1.4\lib\idea_rt.jar=63681:C:\Program Files\JetBrains\IntelliJ IDEA Community Edition 2024.1.4\bin -Dfile.encoding=UTF-8 -Dsun.stdout.encoding=UTF-8 -Dsun.stderr.encoding=UTF-8 com.example.employeemanagement.EmployeemanagementApplication

Host: 11th Gen Intel(R) Core(TM) i5-11300H @ 3.10GHz, 8 cores, 15G,  Windows 11 , 64 bit Build 22621 (10.0.22621.3672)
Time: Wed Jul 17 10:24:13 2024 India Standard Time elapsed time: 1.465015 seconds (0d 0h 0m 1s)

---------------  T H R E A D  ---------------

Current thread (0x0000019d40c76f10):  JavaThread "C2 CompilerThread1" daemon [_thread_in_native, id=3392, stack(0x0000002f66400000,0x0000002f66500000) (1024K)]


Current CompileTask:
C2:1465 2283       4       java.util.Properties$LineReader::readLine (584 bytes)

Stack: [0x0000002f66400000,0x0000002f66500000]
Native frames: (J=compiled Java code, j=interpreted, Vv=VM code, C=native code)
V  [jvm.dll+0x6e2279]  (no source info available)
V  [jvm.dll+0x874e33]  (no source info available)
V  [jvm.dll+0x87725e]  (no source info available)
V  [jvm.dll+0x877933]  (no source info available)
V  [jvm.dll+0x27fd76]  (no source info available)
V  [jvm.dll+0xc3d0f]  (no source info available)
V  [jvm.dll+0xc3f6b]  (no source info available)
V  [jvm.dll+0x3bb10c]  (no source info available)
V  [jvm.dll+0x387b6b]  (no source info available)
V  [jvm.dll+0x386fda]  (no source info available)
V  [jvm.dll+0x247918]  (no source info available)
V  [jvm.dll+0x246fbf]  (no source info available)
V  [jvm.dll+0x1c4e90]  (no source info available)
V  [jvm.dll+0x2569fe]  (no source info available)
V  [jvm.dll+0x254cba]  (no source info available)
V  [jvm.dll+0x3f5336]  (no source info available)
V  [jvm.dll+0x81d44b]  (no source info available)
V  [jvm.dll+0x6e0915]  (no source info available)
C  [ucrtbase.dll+0x29333]  (no source info available)
C  [KERNEL32.DLL+0x1257d]  (no source info available)
C  [ntdll.dll+0x5af28]  (no source info available)


---------------  P R O C E S S  ---------------

Threads class SMR info:
_java_thread_list=0x0000019d86cfe9b0, length=14, elements={
0x0000019d1f997450, 0x0000019d408bf3c0, 0x0000019d408c0b90, 0x0000019d408c3eb0,
0x0000019d408c4c00, 0x0000019d408cbad0, 0x0000019d408d6380, 0x0000019d408fbf50,
0x0000019d408fda70, 0x0000019d40aeffc0, 0x0000019d40c76f10, 0x0000019d40c753d0,
0x0000019d40de39b0, 0x0000019d860a9a40
}

Java Threads: ( => current thread )
  0x0000019d1f997450 JavaThread "main"                              [_thread_in_vm, id=2680, stack(0x0000002f65300000,0x0000002f65400000) (1024K)]
  0x0000019d408bf3c0 JavaThread "Reference Handler"          daemon [_thread_blocked, id=11228, stack(0x0000002f65b00000,0x0000002f65c00000) (1024K)]
  0x0000019d408c0b90 JavaThread "Finalizer"                  daemon [_thread_blocked, id=13892, stack(0x0000002f65c00000,0x0000002f65d00000) (1024K)]
  0x0000019d408c3eb0 JavaThread "Signal Dispatcher"          daemon [_thread_blocked, id=22648, stack(0x0000002f65d00000,0x0000002f65e00000) (1024K)]
  0x0000019d408c4c00 JavaThread "Attach Listener"            daemon [_thread_blocked, id=25408, stack(0x0000002f65e00000,0x0000002f65f00000) (1024K)]
  0x0000019d408cbad0 JavaThread "Service Thread"             daemon [_thread_blocked, id=7496, stack(0x0000002f65f00000,0x0000002f66000000) (1024K)]
  0x0000019d408d6380 JavaThread "Monitor Deflation Thread"   daemon [_thread_blocked, id=6104, stack(0x0000002f66000000,0x0000002f66100000) (1024K)]
  0x0000019d408fbf50 JavaThread "C2 CompilerThread0"         daemon [_thread_blocked, id=140, stack(0x0000002f66100000,0x0000002f66200000) (1024K)]
  0x0000019d408fda70 JavaThread "C1 CompilerThread0"         daemon [_thread_in_vm, id=23928, stack(0x0000002f66200000,0x0000002f66300000) (1024K)]
  0x0000019d40aeffc0 JavaThread "Common-Cleaner"             daemon [_thread_blocked, id=1696, stack(0x0000002f66300000,0x0000002f66400000) (1024K)]
=>0x0000019d40c76f10 JavaThread "C2 CompilerThread1"         daemon [_thread_in_native, id=3392, stack(0x0000002f66400000,0x0000002f66500000) (1024K)]
  0x0000019d40c753d0 JavaThread "C2 CompilerThread2"         daemon [_thread_in_native, id=23320, stack(0x0000002f66500000,0x0000002f66600000) (1024K)]
  0x0000019d40de39b0 JavaThread "Monitor Ctrl-Break"         daemon [_thread_in_native, id=23896, stack(0x0000002f66600000,0x0000002f66700000) (1024K)]
  0x0000019d860a9a40 JavaThread "Notification Thread"        daemon [_thread_blocked, id=23684, stack(0x0000002f66700000,0x0000002f66800000) (1024K)]
Total: 14

Other Threads:
  0x0000019d408a6850 VMThread "VM Thread"                           [id=6408, stack(0x0000002f65a00000,0x0000002f65b00000) (1024K)]
  0x0000019d4088e180 WatcherThread "VM Periodic Task Thread"        [id=10732, stack(0x0000002f65900000,0x0000002f65a00000) (1024K)]
  0x0000019d1f9fed00 WorkerThread "GC Thread#0"                     [id=12892, stack(0x0000002f65400000,0x0000002f65500000) (1024K)]
  0x0000019d867a5690 WorkerThread "GC Thread#1"                     [id=6424, stack(0x0000002f66800000,0x0000002f66900000) (1024K)]
  0x0000019d867a5a40 WorkerThread "GC Thread#2"                     [id=1164, stack(0x0000002f66900000,0x0000002f66a00000) (1024K)]
  0x0000019d867a5df0 WorkerThread "GC Thread#3"                     [id=17996, stack(0x0000002f66a00000,0x0000002f66b00000) (1024K)]
  0x0000019d865f98c0 WorkerThread "GC Thread#4"                     [id=11740, stack(0x0000002f66b00000,0x0000002f66c00000) (1024K)]
  0x0000019d865e3520 WorkerThread "GC Thread#5"                     [id=10620, stack(0x0000002f66c00000,0x0000002f66d00000) (1024K)]
  0x0000019d871ab9b0 WorkerThread "GC Thread#6"                     [id=22596, stack(0x0000002f66e00000,0x0000002f66f00000) (1024K)]
  0x0000019d86b86320 WorkerThread "GC Thread#7"                     [id=25128, stack(0x0000002f66f00000,0x0000002f67000000) (1024K)]
  0x0000019d1fa0f8f0 ConcurrentGCThread "G1 Main Marker"            [id=7916, stack(0x0000002f65500000,0x0000002f65600000) (1024K)]
  0x0000019d1fa105b0 WorkerThread "G1 Conc#0"                       [id=21676, stack(0x0000002f65600000,0x0000002f65700000) (1024K)]
  0x0000019d1fa4e140 ConcurrentGCThread "G1 Refine#0"               [id=22212, stack(0x0000002f65700000,0x0000002f65800000) (1024K)]
  0x0000019d407615e0 ConcurrentGCThread "G1 Service"                [id=20344, stack(0x0000002f65800000,0x0000002f65900000) (1024K)]
Total: 14

Threads with active compile tasks:
C1 CompilerThread0  1513 2327       3       org.springframework.asm.ClassReader::readUnsignedShort (26 bytes)
C2 CompilerThread1  1513 2283       4       java.util.Properties$LineReader::readLine (584 bytes)
C2 CompilerThread2  1513 2287   !   4       java.util.concurrent.ConcurrentHashMap::transfer (849 bytes)
Total: 3

VM state: not at safepoint (normal execution)

VM Mutex/Monitor currently owned by a thread:  ([mutex/lock_event])
[0x00007ffbb8b09b38] Metaspace_lock - owner thread: 0x0000019d1f997450

Heap address: 0x0000000704000000, size: 4032 MB, Compressed Oops mode: Zero based, Oop shift amount: 3

CDS archive(s) mapped at: [0x0000019d41000000-0x0000019d41c60000-0x0000019d41c60000), size 12976128, SharedBaseAddress: 0x0000019d41000000, ArchiveRelocationMode: 1.
Compressed class space mapped at: 0x0000019d42000000-0x0000019d82000000, reserved size: 1073741824
Narrow klass base: 0x0000019d41000000, Narrow klass shift: 0, Narrow klass range: 0x41000000

GC Precious Log:
 CardTable entry size: 512
 Card Set container configuration: InlinePtr #cards 4 size 8 Array Of Cards #cards 16 size 48 Howl #buckets 8 coarsen threshold 3686 Howl Bitmap #cards 512 size 80 coarsen threshold 460 Card regions per heap region 1 cards per card region 4096
 CPUs: 8 total, 8 available
 Memory: 16122M
 Large Page Support: Disabled
 NUMA Support: Disabled
 Compressed Oops: Enabled (Zero based)
 Heap Region Size: 2M
 Heap Min Capacity: 8M
 Heap Initial Capacity: 252M
 Heap Max Capacity: 4032M
 Pre-touch: Disabled
 Parallel Workers: 8
 Concurrent Workers: 2
 Concurrent Refinement Workers: 8
 Periodic GC: Disabled

Heap:
 garbage-first heap   total reserved 4128768K, committed 258048K, used 21871K [0x0000000704000000, 0x0000000800000000)
  region size 2048K, 9 young (18432K), 2 survivors (4096K)
 Metaspace       used 19221K, committed 19520K, reserved 1114112K
  class space    used 2338K, committed 2496K, reserved 1048576K

Heap Regions: E=young(eden), S=young(survivor), O=old, HS=humongous(starts), HC=humongous(continues), CS=collection set, F=free, TAMS=top-at-mark-start, PB=parsable bottom
|   0|0x0000000704000000, 0x0000000704200000, 0x0000000704200000|100%| O|  |TAMS 0x0000000704000000| PB 0x0000000704000000| Untracked |  0
|   1|0x0000000704200000, 0x0000000704400000, 0x0000000704400000|100%| O|  |TAMS 0x0000000704200000| PB 0x0000000704200000| Untracked |  0
|   2|0x0000000704400000, 0x0000000704600000, 0x0000000704600000|100%| O|  |TAMS 0x0000000704400000| PB 0x0000000704400000| Untracked |  0
|   3|0x0000000704600000, 0x0000000704652078, 0x0000000704800000| 16%| O|  |TAMS 0x0000000704600000| PB 0x0000000704600000| Untracked |  0
|   4|0x0000000704800000, 0x0000000704800000, 0x0000000704a00000|  0%| F|  |TAMS 0x0000000704800000| PB 0x0000000704800000| Untracked |  0
|   5|0x0000000704a00000, 0x0000000704a00000, 0x0000000704c00000|  0%| F|  |TAMS 0x0000000704a00000| PB 0x0000000704a00000| Untracked |  0
|   6|0x0000000704c00000, 0x0000000704c00000, 0x0000000704e00000|  0%| F|  |TAMS 0x0000000704c00000| PB 0x0000000704c00000| Untracked |  0
|   7|0x0000000704e00000, 0x0000000704e00000, 0x0000000705000000|  0%| F|  |TAMS 0x0000000704e00000| PB 0x0000000704e00000| Untracked |  0
|   8|0x0000000705000000, 0x0000000705000000, 0x0000000705200000|  0%| F|  |TAMS 0x0000000705000000| PB 0x0000000705000000| Untracked |  0
|   9|0x0000000705200000, 0x0000000705200000, 0x0000000705400000|  0%| F|  |TAMS 0x0000000705200000| PB 0x0000000705200000| Untracked |  0
|  10|0x0000000705400000, 0x0000000705400000, 0x0000000705600000|  0%| F|  |TAMS 0x0000000705400000| PB 0x0000000705400000| Untracked |  0
|  11|0x0000000705600000, 0x0000000705600000, 0x0000000705800000|  0%| F|  |TAMS 0x0000000705600000| PB 0x0000000705600000| Untracked |  0
|  12|0x0000000705800000, 0x0000000705800000, 0x0000000705a00000|  0%| F|  |TAMS 0x0000000705800000| PB 0x0000000705800000| Untracked |  0
|  13|0x0000000705a00000, 0x0000000705a00000, 0x0000000705c00000|  0%| F|  |TAMS 0x0000000705a00000| PB 0x0000000705a00000| Untracked |  0
|  14|0x0000000705c00000, 0x0000000705c00000, 0x0000000705e00000|  0%| F|  |TAMS 0x0000000705c00000| PB 0x0000000705c00000| Untracked |  0
|  15|0x0000000705e00000, 0x0000000705e00000, 0x0000000706000000|  0%| F|  |TAMS 0x0000000705e00000| PB 0x0000000705e00000| Untracked |  0
|  16|0x0000000706000000, 0x0000000706000000, 0x0000000706200000|  0%| F|  |TAMS 0x0000000706000000| PB 0x0000000706000000| Untracked |  0
|  17|0x0000000706200000, 0x0000000706200000, 0x0000000706400000|  0%| F|  |TAMS 0x0000000706200000| PB 0x0000000706200000| Untracked |  0
|  18|0x0000000706400000, 0x0000000706400000, 0x0000000706600000|  0%| F|  |TAMS 0x0000000706400000| PB 0x0000000706400000| Untracked |  0
|  19|0x0000000706600000, 0x0000000706600000, 0x0000000706800000|  0%| F|  |TAMS 0x0000000706600000| PB 0x0000000706600000| Untracked |  0
|  20|0x0000000706800000, 0x0000000706800000, 0x0000000706a00000|  0%| F|  |TAMS 0x0000000706800000| PB 0x0000000706800000| Untracked |  0
|  21|0x0000000706a00000, 0x0000000706a00000, 0x0000000706c00000|  0%| F|  |TAMS 0x0000000706a00000| PB 0x0000000706a00000| Untracked |  0
|  22|0x0000000706c00000, 0x0000000706c00000, 0x0000000706e00000|  0%| F|  |TAMS 0x0000000706c00000| PB 0x0000000706c00000| Untracked |  0
|  23|0x0000000706e00000, 0x0000000706e00000, 0x0000000707000000|  0%| F|  |TAMS 0x0000000706e00000| PB 0x0000000706e00000| Untracked |  0
|  24|0x0000000707000000, 0x0000000707000000, 0x0000000707200000|  0%| F|  |TAMS 0x0000000707000000| PB 0x0000000707000000| Untracked |  0
|  25|0x0000000707200000, 0x0000000707200000, 0x0000000707400000|  0%| F|  |TAMS 0x0000000707200000| PB 0x0000000707200000| Untracked |  0
|  26|0x0000000707400000, 0x0000000707400000, 0x0000000707600000|  0%| F|  |TAMS 0x0000000707400000| PB 0x0000000707400000| Untracked |  0
|  27|0x0000000707600000, 0x0000000707600000, 0x0000000707800000|  0%| F|  |TAMS 0x0000000707600000| PB 0x0000000707600000| Untracked |  0
|  28|0x0000000707800000, 0x0000000707800000, 0x0000000707a00000|  0%| F|  |TAMS 0x0000000707800000| PB 0x0000000707800000| Untracked |  0
|  29|0x0000000707a00000, 0x0000000707a00000, 0x0000000707c00000|  0%| F|  |TAMS 0x0000000707a00000| PB 0x0000000707a00000| Untracked |  0
|  30|0x0000000707c00000, 0x0000000707c00000, 0x0000000707e00000|  0%| F|  |TAMS 0x0000000707c00000| PB 0x0000000707c00000| Untracked |  0
|  31|0x0000000707e00000, 0x0000000707e00000, 0x0000000708000000|  0%| F|  |TAMS 0x0000000707e00000| PB 0x0000000707e00000| Untracked |  0
|  32|0x0000000708000000, 0x0000000708000000, 0x0000000708200000|  0%| F|  |TAMS 0x0000000708000000| PB 0x0000000708000000| Untracked |  0
|  33|0x0000000708200000, 0x0000000708200000, 0x0000000708400000|  0%| F|  |TAMS 0x0000000708200000| PB 0x0000000708200000| Untracked |  0
|  34|0x0000000708400000, 0x0000000708400000, 0x0000000708600000|  0%| F|  |TAMS 0x0000000708400000| PB 0x0000000708400000| Untracked |  0
|  35|0x0000000708600000, 0x0000000708600000, 0x0000000708800000|  0%| F|  |TAMS 0x0000000708600000| PB 0x0000000708600000| Untracked |  0
|  36|0x0000000708800000, 0x0000000708800000, 0x0000000708a00000|  0%| F|  |TAMS 0x0000000708800000| PB 0x0000000708800000| Untracked |  0
|  37|0x0000000708a00000, 0x0000000708a00000, 0x0000000708c00000|  0%| F|  |TAMS 0x0000000708a00000| PB 0x0000000708a00000| Untracked |  0
|  38|0x0000000708c00000, 0x0000000708c00000, 0x0000000708e00000|  0%| F|  |TAMS 0x0000000708c00000| PB 0x0000000708c00000| Untracked |  0
|  39|0x0000000708e00000, 0x0000000708e00000, 0x0000000709000000|  0%| F|  |TAMS 0x0000000708e00000| PB 0x0000000708e00000| Untracked |  0
|  40|0x0000000709000000, 0x0000000709000000, 0x0000000709200000|  0%| F|  |TAMS 0x0000000709000000| PB 0x0000000709000000| Untracked |  0
|  41|0x0000000709200000, 0x0000000709200000, 0x0000000709400000|  0%| F|  |TAMS 0x0000000709200000| PB 0x0000000709200000| Untracked |  0
|  42|0x0000000709400000, 0x0000000709400000, 0x0000000709600000|  0%| F|  |TAMS 0x0000000709400000| PB 0x0000000709400000| Untracked |  0
|  43|0x0000000709600000, 0x0000000709600000, 0x0000000709800000|  0%| F|  |TAMS 0x0000000709600000| PB 0x0000000709600000| Untracked |  0
|  44|0x0000000709800000, 0x0000000709800000, 0x0000000709a00000|  0%| F|  |TAMS 0x0000000709800000| PB 0x0000000709800000| Untracked |  0
|  45|0x0000000709a00000, 0x0000000709a00000, 0x0000000709c00000|  0%| F|  |TAMS 0x0000000709a00000| PB 0x0000000709a00000| Untracked |  0
|  46|0x0000000709c00000, 0x0000000709c00000, 0x0000000709e00000|  0%| F|  |TAMS 0x0000000709c00000| PB 0x0000000709c00000| Untracked |  0
|  47|0x0000000709e00000, 0x0000000709e00000, 0x000000070a000000|  0%| F|  |TAMS 0x0000000709e00000| PB 0x0000000709e00000| Untracked |  0
|  48|0x000000070a000000, 0x000000070a000000, 0x000000070a200000|  0%| F|  |TAMS 0x000000070a000000| PB 0x000000070a000000| Untracked |  0
|  49|0x000000070a200000, 0x000000070a200000, 0x000000070a400000|  0%| F|  |TAMS 0x000000070a200000| PB 0x000000070a200000| Untracked |  0
|  50|0x000000070a400000, 0x000000070a400000, 0x000000070a600000|  0%| F|  |TAMS 0x000000070a400000| PB 0x000000070a400000| Untracked |  0
|  51|0x000000070a600000, 0x000000070a600000, 0x000000070a800000|  0%| F|  |TAMS 0x000000070a600000| PB 0x000000070a600000| Untracked |  0
|  52|0x000000070a800000, 0x000000070a800000, 0x000000070aa00000|  0%| F|  |TAMS 0x000000070a800000| PB 0x000000070a800000| Untracked |  0
|  53|0x000000070aa00000, 0x000000070aa00000, 0x000000070ac00000|  0%| F|  |TAMS 0x000000070aa00000| PB 0x000000070aa00000| Untracked |  0
|  54|0x000000070ac00000, 0x000000070ac00000, 0x000000070ae00000|  0%| F|  |TAMS 0x000000070ac00000| PB 0x000000070ac00000| Untracked |  0
|  55|0x000000070ae00000, 0x000000070ae00000, 0x000000070b000000|  0%| F|  |TAMS 0x000000070ae00000| PB 0x000000070ae00000| Untracked |  0
|  56|0x000000070b000000, 0x000000070b000000, 0x000000070b200000|  0%| F|  |TAMS 0x000000070b000000| PB 0x000000070b000000| Untracked |  0
|  57|0x000000070b200000, 0x000000070b200000, 0x000000070b400000|  0%| F|  |TAMS 0x000000070b200000| PB 0x000000070b200000| Untracked |  0
|  58|0x000000070b400000, 0x000000070b400000, 0x000000070b600000|  0%| F|  |TAMS 0x000000070b400000| PB 0x000000070b400000| Untracked |  0
|  59|0x000000070b600000, 0x000000070b600000, 0x000000070b800000|  0%| F|  |TAMS 0x000000070b600000| PB 0x000000070b600000| Untracked |  0
|  60|0x000000070b800000, 0x000000070b800000, 0x000000070ba00000|  0%| F|  |TAMS 0x000000070b800000| PB 0x000000070b800000| Untracked |  0
|  61|0x000000070ba00000, 0x000000070ba00000, 0x000000070bc00000|  0%| F|  |TAMS 0x000000070ba00000| PB 0x000000070ba00000| Untracked |  0
|  62|0x000000070bc00000, 0x000000070bc00000, 0x000000070be00000|  0%| F|  |TAMS 0x000000070bc00000| PB 0x000000070bc00000| Untracked |  0
|  63|0x000000070be00000, 0x000000070be00000, 0x000000070c000000|  0%| F|  |TAMS 0x000000070be00000| PB 0x000000070be00000| Untracked |  0
|  64|0x000000070c000000, 0x000000070c000000, 0x000000070c200000|  0%| F|  |TAMS 0x000000070c000000| PB 0x000000070c000000| Untracked |  0
|  65|0x000000070c200000, 0x000000070c200000, 0x000000070c400000|  0%| F|  |TAMS 0x000000070c200000| PB 0x000000070c200000| Untracked |  0
|  66|0x000000070c400000, 0x000000070c400000, 0x000000070c600000|  0%| F|  |TAMS 0x000000070c400000| PB 0x000000070c400000| Untracked |  0
|  67|0x000000070c600000, 0x000000070c600000, 0x000000070c800000|  0%| F|  |TAMS 0x000000070c600000| PB 0x000000070c600000| Untracked |  0
|  68|0x000000070c800000, 0x000000070c800000, 0x000000070ca00000|  0%| F|  |TAMS 0x000000070c800000| PB 0x000000070c800000| Untracked |  0
|  69|0x000000070ca00000, 0x000000070ca00000, 0x000000070cc00000|  0%| F|  |TAMS 0x000000070ca00000| PB 0x000000070ca00000| Untracked |  0
|  70|0x000000070cc00000, 0x000000070cc00000, 0x000000070ce00000|  0%| F|  |TAMS 0x000000070cc00000| PB 0x000000070cc00000| Untracked |  0
|  71|0x000000070ce00000, 0x000000070ce00000, 0x000000070d000000|  0%| F|  |TAMS 0x000000070ce00000| PB 0x000000070ce00000| Untracked |  0
|  72|0x000000070d000000, 0x000000070d000000, 0x000000070d200000|  0%| F|  |TAMS 0x000000070d000000| PB 0x000000070d000000| Untracked |  0
|  73|0x000000070d200000, 0x000000070d200000, 0x000000070d400000|  0%| F|  |TAMS 0x000000070d200000| PB 0x000000070d200000| Untracked |  0
|  74|0x000000070d400000, 0x000000070d400000, 0x000000070d600000|  0%| F|  |TAMS 0x000000070d400000| PB 0x000000070d400000| Untracked |  0
|  75|0x000000070d600000, 0x000000070d600000, 0x000000070d800000|  0%| F|  |TAMS 0x000000070d600000| PB 0x000000070d600000| Untracked |  0
|  76|0x000000070d800000, 0x000000070d800000, 0x000000070da00000|  0%| F|  |TAMS 0x000000070d800000| PB 0x000000070d800000| Untracked |  0
|  77|0x000000070da00000, 0x000000070da00000, 0x000000070dc00000|  0%| F|  |TAMS 0x000000070da00000| PB 0x000000070da00000| Untracked |  0
|  78|0x000000070dc00000, 0x000000070dc00000, 0x000000070de00000|  0%| F|  |TAMS 0x000000070dc00000| PB 0x000000070dc00000| Untracked |  0
|  79|0x000000070de00000, 0x000000070de00000, 0x000000070e000000|  0%| F|  |TAMS 0x000000070de00000| PB 0x000000070de00000| Untracked |  0
|  80|0x000000070e000000, 0x000000070e000000, 0x000000070e200000|  0%| F|  |TAMS 0x000000070e000000| PB 0x000000070e000000| Untracked |  0
|  81|0x000000070e200000, 0x000000070e200000, 0x000000070e400000|  0%| F|  |TAMS 0x000000070e200000| PB 0x000000070e200000| Untracked |  0
|  82|0x000000070e400000, 0x000000070e400000, 0x000000070e600000|  0%| F|  |TAMS 0x000000070e400000| PB 0x000000070e400000| Untracked |  0
|  83|0x000000070e600000, 0x000000070e600000, 0x000000070e800000|  0%| F|  |TAMS 0x000000070e600000| PB 0x000000070e600000| Untracked |  0
|  84|0x000000070e800000, 0x000000070e800000, 0x000000070ea00000|  0%| F|  |TAMS 0x000000070e800000| PB 0x000000070e800000| Untracked |  0
|  85|0x000000070ea00000, 0x000000070ea00000, 0x000000070ec00000|  0%| F|  |TAMS 0x000000070ea00000| PB 0x000000070ea00000| Untracked |  0
|  86|0x000000070ec00000, 0x000000070ec00000, 0x000000070ee00000|  0%| F|  |TAMS 0x000000070ec00000| PB 0x000000070ec00000| Untracked |  0
|  87|0x000000070ee00000, 0x000000070ee00000, 0x000000070f000000|  0%| F|  |TAMS 0x000000070ee00000| PB 0x000000070ee00000| Untracked |  0
|  88|0x000000070f000000, 0x000000070f000000, 0x000000070f200000|  0%| F|  |TAMS 0x000000070f000000| PB 0x000000070f000000| Untracked |  0
|  89|0x000000070f200000, 0x000000070f200000, 0x000000070f400000|  0%| F|  |TAMS 0x000000070f200000| PB 0x000000070f200000| Untracked |  0
|  90|0x000000070f400000, 0x000000070f400000, 0x000000070f600000|  0%| F|  |TAMS 0x000000070f400000| PB 0x000000070f400000| Untracked |  0
|  91|0x000000070f600000, 0x000000070f600000, 0x000000070f800000|  0%| F|  |TAMS 0x000000070f600000| PB 0x000000070f600000| Untracked |  0
|  92|0x000000070f800000, 0x000000070f800000, 0x000000070fa00000|  0%| F|  |TAMS 0x000000070f800000| PB 0x000000070f800000| Untracked |  0
|  93|0x000000070fa00000, 0x000000070fa00000, 0x000000070fc00000|  0%| F|  |TAMS 0x000000070fa00000| PB 0x000000070fa00000| Untracked |  0
|  94|0x000000070fc00000, 0x000000070fc00000, 0x000000070fe00000|  0%| F|  |TAMS 0x000000070fc00000| PB 0x000000070fc00000| Untracked |  0
|  95|0x000000070fe00000, 0x000000070fe00000, 0x0000000710000000|  0%| F|  |TAMS 0x000000070fe00000| PB 0x000000070fe00000| Untracked |  0
|  96|0x0000000710000000, 0x0000000710000000, 0x0000000710200000|  0%| F|  |TAMS 0x0000000710000000| PB 0x0000000710000000| Untracked |  0
|  97|0x0000000710200000, 0x0000000710200000, 0x0000000710400000|  0%| F|  |TAMS 0x0000000710200000| PB 0x0000000710200000| Untracked |  0
|  98|0x0000000710400000, 0x0000000710400000, 0x0000000710600000|  0%| F|  |TAMS 0x0000000710400000| PB 0x0000000710400000| Untracked |  0
|  99|0x0000000710600000, 0x0000000710600000, 0x0000000710800000|  0%| F|  |TAMS 0x0000000710600000| PB 0x0000000710600000| Untracked |  0
| 100|0x0000000710800000, 0x0000000710800000, 0x0000000710a00000|  0%| F|  |TAMS 0x0000000710800000| PB 0x0000000710800000| Untracked |  0
| 101|0x0000000710a00000, 0x0000000710a00000, 0x0000000710c00000|  0%| F|  |TAMS 0x0000000710a00000| PB 0x0000000710a00000| Untracked |  0
| 102|0x0000000710c00000, 0x0000000710c00000, 0x0000000710e00000|  0%| F|  |TAMS 0x0000000710c00000| PB 0x0000000710c00000| Untracked |  0
| 103|0x0000000710e00000, 0x0000000710e00000, 0x0000000711000000|  0%| F|  |TAMS 0x0000000710e00000| PB 0x0000000710e00000| Untracked |  0
| 104|0x0000000711000000, 0x0000000711000000, 0x0000000711200000|  0%| F|  |TAMS 0x0000000711000000| PB 0x0000000711000000| Untracked |  0
| 105|0x0000000711200000, 0x0000000711200000, 0x0000000711400000|  0%| F|  |TAMS 0x0000000711200000| PB 0x0000000711200000| Untracked |  0
| 106|0x0000000711400000, 0x0000000711509c70, 0x0000000711600000| 51%| S|CS|TAMS 0x0000000711400000| PB 0x0000000711400000| Complete |  0
| 107|0x0000000711600000, 0x0000000711800000, 0x0000000711800000|100%| S|CS|TAMS 0x0000000711600000| PB 0x0000000711600000| Complete |  0
| 108|0x0000000711800000, 0x0000000711800000, 0x0000000711a00000|  0%| F|  |TAMS 0x0000000711800000| PB 0x0000000711800000| Untracked |  0
| 109|0x0000000711a00000, 0x0000000711a00000, 0x0000000711c00000|  0%| F|  |TAMS 0x0000000711a00000| PB 0x0000000711a00000| Untracked |  0
| 110|0x0000000711c00000, 0x0000000711c00000, 0x0000000711e00000|  0%| F|  |TAMS 0x0000000711c00000| PB 0x0000000711c00000| Untracked |  0
| 111|0x0000000711e00000, 0x0000000711e00000, 0x0000000712000000|  0%| F|  |TAMS 0x0000000711e00000| PB 0x0000000711e00000| Untracked |  0
| 112|0x0000000712000000, 0x0000000712000000, 0x0000000712200000|  0%| F|  |TAMS 0x0000000712000000| PB 0x0000000712000000| Untracked |  0
| 113|0x0000000712200000, 0x0000000712200000, 0x0000000712400000|  0%| F|  |TAMS 0x0000000712200000| PB 0x0000000712200000| Untracked |  0
| 114|0x0000000712400000, 0x0000000712400000, 0x0000000712600000|  0%| F|  |TAMS 0x0000000712400000| PB 0x0000000712400000| Untracked |  0
| 115|0x0000000712600000, 0x0000000712600000, 0x0000000712800000|  0%| F|  |TAMS 0x0000000712600000| PB 0x0000000712600000| Untracked |  0
| 116|0x0000000712800000, 0x0000000712800000, 0x0000000712a00000|  0%| F|  |TAMS 0x0000000712800000| PB 0x0000000712800000| Untracked |  0
| 117|0x0000000712a00000, 0x0000000712a00000, 0x0000000712c00000|  0%| F|  |TAMS 0x0000000712a00000| PB 0x0000000712a00000| Untracked |  0
| 118|0x0000000712c00000, 0x0000000712c00000, 0x0000000712e00000|  0%| F|  |TAMS 0x0000000712c00000| PB 0x0000000712c00000| Untracked |  0
| 119|0x0000000712e00000, 0x0000000712f00a88, 0x0000000713000000| 50%| E|  |TAMS 0x0000000712e00000| PB 0x0000000712e00000| Complete |  0
| 120|0x0000000713000000, 0x0000000713200000, 0x0000000713200000|100%| E|CS|TAMS 0x0000000713000000| PB 0x0000000713000000| Complete |  0
| 121|0x0000000713200000, 0x0000000713400000, 0x0000000713400000|100%| E|CS|TAMS 0x0000000713200000| PB 0x0000000713200000| Complete |  0
| 122|0x0000000713400000, 0x0000000713600000, 0x0000000713600000|100%| E|CS|TAMS 0x0000000713400000| PB 0x0000000713400000| Complete |  0
| 123|0x0000000713600000, 0x0000000713800000, 0x0000000713800000|100%| E|CS|TAMS 0x0000000713600000| PB 0x0000000713600000| Complete |  0
| 124|0x0000000713800000, 0x0000000713a00000, 0x0000000713a00000|100%| E|CS|TAMS 0x0000000713800000| PB 0x0000000713800000| Complete |  0
| 125|0x0000000713a00000, 0x0000000713c00000, 0x0000000713c00000|100%| E|CS|TAMS 0x0000000713a00000| PB 0x0000000713a00000| Complete |  0

Card table byte_map: [0x0000019d39710000,0x0000019d39ef0000] _byte_map_base: 0x0000019d35ef0000

Marking Bits: (CMBitMap*) 0x0000019d1f9ff410
 Bits: [0x0000019d39ef0000, 0x0000019d3ddf0000)

Polling page: 0x0000019d1fa50000

Metaspace:

Usage:
  Non-class:     16.49 MB used.
      Class:      2.28 MB used.
       Both:     18.77 MB used.

Virtual space:
  Non-class space:       64.00 MB reserved,      16.62 MB ( 26%) committed,  1 nodes.
      Class space:        1.00 GB reserved,       2.44 MB ( <1%) committed,  1 nodes.
             Both:        1.06 GB reserved,      19.06 MB (  2%) committed. 

Chunk freelists:
   Non-Class:  15.23 MB
       Class:  13.48 MB
        Both:  28.72 MB

MaxMetaspaceSize: unlimited
CompressedClassSpaceSize: 1.00 GB
Initial GC threshold: 21.00 MB
Current GC threshold: 21.00 MB
CDS: on
 - commit_granule_bytes: 65536.
 - commit_granule_words: 8192.
 - virtual_space_node_default_size: 8388608.
 - enlarge_chunks_in_place: 1.
 - use_allocation_guard: 0.


Internal statistics:

num_allocs_failed_limit: 0.
num_arena_births: 270.
num_arena_deaths: 0.
num_vsnodes_births: 2.
num_vsnodes_deaths: 0.
num_space_committed: 305.
num_space_uncommitted: 0.
num_chunks_returned_to_freelist: 0.
num_chunks_taken_from_freelist: 877.
num_chunk_merges: 0.
num_chunk_splits: 583.
num_chunks_enlarged: 413.
num_inconsistent_stats: 0.

CodeHeap 'non-profiled nmethods': size=120000Kb used=976Kb max_used=976Kb free=119023Kb
 bounds [0x0000019d30fa0000, 0x0000019d31210000, 0x0000019d384d0000]
CodeHeap 'profiled nmethods': size=120000Kb used=4249Kb max_used=4249Kb free=115750Kb
 bounds [0x0000019d294d0000, 0x0000019d29900000, 0x0000019d30a00000]
CodeHeap 'non-nmethods': size=5760Kb used=1606Kb max_used=1641Kb free=4153Kb
 bounds [0x0000019d30a00000, 0x0000019d30c70000, 0x0000019d30fa0000]
 total_blobs=2860 nmethods=2324 adapters=440
 compilation: enabled
              stopped_count=0, restarted_count=0
 full_count=0

Compilation events (20 events):
Event: 1.458 Thread 0x0000019d40c753d0 2287   !   4       java.util.concurrent.ConcurrentHashMap::transfer (849 bytes)
Event: 1.458 Thread 0x0000019d408fda70 nmethod 2298 0x0000019d298ebf90 code [0x0000019d298ec180, 0x0000019d298ec6c0]
Event: 1.458 Thread 0x0000019d408fda70 2304       3       java.util.LinkedHashMap::forEach (65 bytes)
Event: 1.459 Thread 0x0000019d408fda70 nmethod 2304 0x0000019d298ec890 code [0x0000019d298eca80, 0x0000019d298ecf58]
Event: 1.459 Thread 0x0000019d408fda70 2299       2       org.springframework.boot.autoconfigure.AutoConfigurationSorter$AutoConfigurationClasses::lambda$getClassesRequestedAfter$0 (22 bytes)
Event: 1.459 Thread 0x0000019d408fda70 nmethod 2299 0x0000019d298ed110 code [0x0000019d298ed2c0, 0x0000019d298ed458]
Event: 1.459 Thread 0x0000019d408fda70 2303       3       java.util.TreeMap$PrivateEntryIterator::hasNext (13 bytes)
Event: 1.459 Thread 0x0000019d408fda70 nmethod 2303 0x0000019d298ed590 code [0x0000019d298ed720, 0x0000019d298ed888]
Event: 1.459 Thread 0x0000019d408fda70 2306       3       java.util.HashMap::removeNode (291 bytes)
Event: 1.460 Thread 0x0000019d408fda70 nmethod 2306 0x0000019d298ed910 code [0x0000019d298edba0, 0x0000019d298eed70]
Event: 1.460 Thread 0x0000019d408fda70 2305       1       java.util.TreeMap::size (5 bytes)
Event: 1.460 Thread 0x0000019d408fda70 nmethod 2305 0x0000019d31090910 code [0x0000019d31090aa0, 0x0000019d31090b68]
Event: 1.460 Thread 0x0000019d408fda70 2307       3       java.util.AbstractCollection::isEmpty (13 bytes)
Event: 1.461 Thread 0x0000019d408fda70 nmethod 2307 0x0000019d298ef210 code [0x0000019d298ef3c0, 0x0000019d298ef5d8]
Event: 1.462 Thread 0x0000019d408fda70 2308       3       java.nio.HeapByteBuffer::get (14 bytes)
Event: 1.462 Thread 0x0000019d408fda70 nmethod 2308 0x0000019d298ef690 code [0x0000019d298ef860, 0x0000019d298efb38]
Event: 1.462 Thread 0x0000019d408fda70 2309       3       java.nio.Buffer::nextGetIndex (30 bytes)
Event: 1.463 Thread 0x0000019d408fda70 nmethod 2309 0x0000019d298efd10 code [0x0000019d298efec0, 0x0000019d298f0090]
Event: 1.463 Thread 0x0000019d408fda70 2310       3       jdk.internal.reflect.ConstantPool::getUTF8At (10 bytes)
Event: 1.463 Thread 0x0000019d408fda70 nmethod 2310 0x0000019d298f0190 code [0x0000019d298f0340, 0x0000019d298f0488]

GC Heap History (4 events):
Event: 0.728 GC heap before
{Heap before GC invocations=0 (full 0):
 garbage-first heap   total reserved 4128768K, committed 258048K, used 22528K [0x0000000704000000, 0x0000000800000000)
  region size 2048K, 12 young (24576K), 0 survivors (0K)
 Metaspace       used 6558K, committed 6848K, reserved 1114112K
  class space    used 780K, committed 896K, reserved 1048576K
}
Event: 0.732 GC heap after
{Heap after GC invocations=1 (full 0):
 garbage-first heap   total reserved 4128768K, committed 258048K, used 6506K [0x0000000704000000, 0x0000000800000000)
  region size 2048K, 2 young (4096K), 2 survivors (4096K)
 Metaspace       used 6558K, committed 6848K, reserved 1114112K
  class space    used 780K, committed 896K, reserved 1048576K
}
Event: 1.287 GC heap before
{Heap before GC invocations=1 (full 0):
 garbage-first heap   total reserved 4128768K, committed 258048K, used 39274K [0x0000000704000000, 0x0000000800000000)
  region size 2048K, 18 young (36864K), 2 survivors (4096K)
 Metaspace       used 16489K, committed 16768K, reserved 1114112K
  class space    used 1990K, committed 2112K, reserved 1048576K
}
Event: 1.292 GC heap after
{Heap after GC invocations=2 (full 0):
 garbage-first heap   total reserved 4128768K, committed 258048K, used 9583K [0x0000000704000000, 0x0000000800000000)
  region size 2048K, 2 young (4096K), 2 survivors (4096K)
 Metaspace       used 16489K, committed 16768K, reserved 1114112K
  class space    used 1990K, committed 2112K, reserved 1048576K
}

Dll operation events (12 events):
Event: 0.011 Loaded shared library C:\Program Files\Java\jdk-22\bin\java.dll
Event: 0.050 Loaded shared library C:\Program Files\Java\jdk-22\bin\jsvml.dll
Event: 0.119 Loaded shared library C:\Program Files\Java\jdk-22\bin\zip.dll
Event: 0.121 Loaded shared library C:\Program Files\Java\jdk-22\bin\instrument.dll
Event: 0.124 Loaded shared library C:\Program Files\Java\jdk-22\bin\net.dll
Event: 0.126 Loaded shared library C:\Program Files\Java\jdk-22\bin\nio.dll
Event: 0.129 Loaded shared library C:\Program Files\Java\jdk-22\bin\zip.dll
Event: 0.213 Loaded shared library C:\Program Files\JetBrains\IntelliJ IDEA Community Edition 2024.1.4\bin\breakgen64.dll
Event: 0.222 Loaded shared library C:\Program Files\Java\jdk-22\bin\extnet.dll
Event: 0.251 Loaded shared library C:\Program Files\Java\jdk-22\bin\jimage.dll
Event: 0.959 Loaded shared library C:\Program Files\Java\jdk-22\bin\le.dll
Event: 1.426 Loaded shared library C:\Program Files\Java\jdk-22\bin\sunmscapi.dll

Deoptimization events (20 events):
Event: 1.449 Thread 0x0000019d1f997450 DEOPT PACKING pc=0x0000019d29608586 sp=0x0000002f653fe860
Event: 1.449 Thread 0x0000019d1f997450 DEOPT UNPACKING pc=0x0000019d30a588e2 sp=0x0000002f653fdd48 mode 0
Event: 1.449 Thread 0x0000019d1f997450 DEOPT PACKING pc=0x0000019d29611c8d sp=0x0000002f653fe850
Event: 1.449 Thread 0x0000019d1f997450 DEOPT UNPACKING pc=0x0000019d30a588e2 sp=0x0000002f653fdd40 mode 0
Event: 1.449 Thread 0x0000019d1f997450 DEOPT PACKING pc=0x0000019d29608586 sp=0x0000002f653fe860
Event: 1.449 Thread 0x0000019d1f997450 DEOPT UNPACKING pc=0x0000019d30a588e2 sp=0x0000002f653fdd48 mode 0
Event: 1.449 Thread 0x0000019d1f997450 DEOPT PACKING pc=0x0000019d29611c8d sp=0x0000002f653fe850
Event: 1.449 Thread 0x0000019d1f997450 DEOPT UNPACKING pc=0x0000019d30a588e2 sp=0x0000002f653fdd40 mode 0
Event: 1.449 Thread 0x0000019d1f997450 DEOPT PACKING pc=0x0000019d2985bd7e sp=0x0000002f653fe5a0
Event: 1.449 Thread 0x0000019d1f997450 DEOPT UNPACKING pc=0x0000019d30a588e2 sp=0x0000002f653fdab0 mode 0
Event: 1.450 Thread 0x0000019d1f997450 DEOPT PACKING pc=0x0000019d29608586 sp=0x0000002f653fe860
Event: 1.450 Thread 0x0000019d1f997450 DEOPT UNPACKING pc=0x0000019d30a588e2 sp=0x0000002f653fdd48 mode 0
Event: 1.450 Thread 0x0000019d1f997450 DEOPT PACKING pc=0x0000019d29611c8d sp=0x0000002f653fe850
Event: 1.450 Thread 0x0000019d1f997450 DEOPT UNPACKING pc=0x0000019d30a588e2 sp=0x0000002f653fdd40 mode 0
Event: 1.450 Thread 0x0000019d1f997450 DEOPT PACKING pc=0x0000019d29608586 sp=0x0000002f653fe860
Event: 1.450 Thread 0x0000019d1f997450 DEOPT UNPACKING pc=0x0000019d30a588e2 sp=0x0000002f653fdd48 mode 0
Event: 1.450 Thread 0x0000019d1f997450 DEOPT PACKING pc=0x0000019d29611c8d sp=0x0000002f653fe850
Event: 1.450 Thread 0x0000019d1f997450 DEOPT UNPACKING pc=0x0000019d30a588e2 sp=0x0000002f653fdd40 mode 0
Event: 1.450 Thread 0x0000019d1f997450 DEOPT PACKING pc=0x0000019d2985bd7e sp=0x0000002f653fe820
Event: 1.450 Thread 0x0000019d1f997450 DEOPT UNPACKING pc=0x0000019d30a588e2 sp=0x0000002f653fdd48 mode 0

Classes loaded (20 events):
Event: 1.419 Loading class java/security/AuthProvider
Event: 1.419 Loading class java/security/AuthProvider done
Event: 1.419 Loading class java/security/PrivilegedActionException
Event: 1.419 Loading class java/security/PrivilegedActionException done
Event: 1.420 Loading class javax/security/auth/login/FailedLoginException
Event: 1.420 Loading class javax/security/auth/login/FailedLoginException done
Event: 1.420 Loading class javax/security/auth/Subject
Event: 1.420 Loading class javax/security/auth/Subject done
Event: 1.420 Loading class javax/security/auth/callback/CallbackHandler
Event: 1.420 Loading class javax/security/auth/callback/CallbackHandler done
Event: 1.427 Loading class sun/security/provider/certpath/ldap/JdkLDAP
Event: 1.428 Loading class sun/security/provider/certpath/ldap/JdkLDAP done
Event: 1.428 Loading class sun/security/provider/certpath/ldap/JdkLDAP$ProviderService
Event: 1.428 Loading class sun/security/provider/certpath/ldap/JdkLDAP$ProviderService done
Event: 1.428 Loading class com/sun/security/sasl/Provider
Event: 1.428 Loading class com/sun/security/sasl/Provider done
Event: 1.429 Loading class com/sun/security/sasl/Provider$1
Event: 1.429 Loading class com/sun/security/sasl/Provider$1 done
Event: 1.429 Loading class com/sun/security/sasl/Provider$ProviderService
Event: 1.429 Loading class com/sun/security/sasl/Provider$ProviderService done

Classes unloaded (0 events):
No events

Classes redefined (0 events):
No events

Internal exceptions (20 events):
Event: 0.887 Thread 0x0000019d1f997450 Exception <a 'java/lang/NoSuchMethodError'{0x000000071376d5c8}: 'void java.lang.invoke.DirectMethodHandle$Holder.invokeVirtual(java.lang.Object, java.lang.Object, java.lang.Object, java.lang.Object)'> (0x000000071376d5c8) 
thrown [s\open\src\hotspot\share\interpreter\linkResolver.cpp, line 774]
Event: 0.930 Thread 0x0000019d1f997450 Exception <a 'java/lang/NoSuchMethodError'{0x00000007134b3f90}: 'void java.lang.invoke.DirectMethodHandle$Holder.invokeSpecial(java.lang.Object, java.lang.Object, java.lang.Object)'> (0x00000007134b3f90) 
thrown [s\open\src\hotspot\share\interpreter\linkResolver.cpp, line 774]
Event: 0.937 Thread 0x0000019d1f997450 Exception <a 'java/lang/IncompatibleClassChangeError'{0x00000007134e1218}: Found class java.lang.Object, but interface was expected> (0x00000007134e1218) 
thrown [s\open\src\hotspot\share\interpreter\linkResolver.cpp, line 841]
Event: 0.937 Thread 0x0000019d8698b040 Exception <a 'java/lang/NoClassDefFoundError'{0x0000000713539108}: jakarta/validation/Validation> (0x0000000713539108) 
thrown [s\open\src\hotspot\share\classfile\systemDictionary.cpp, line 302]
Event: 0.941 Thread 0x0000019d1f997450 Exception <a 'java/lang/NoSuchMethodError'{0x00000007134f4760}: 'java.lang.Object java.lang.invoke.DirectMethodHandle$Holder.invokeStaticInit(java.lang.Object, int)'> (0x00000007134f4760) 
thrown [s\open\src\hotspot\share\interpreter\linkResolver.cpp, line 774]
Event: 0.943 Thread 0x0000019d1f997450 Exception <a 'java/lang/NoSuchMethodError'{0x00000007134fec58}: 'java.lang.Object java.lang.invoke.DirectMethodHandle$Holder.invokeStatic(java.lang.Object, int, java.lang.Object)'> (0x00000007134fec58) 
thrown [s\open\src\hotspot\share\interpreter\linkResolver.cpp, line 774]
Event: 0.943 Thread 0x0000019d1f997450 Exception <a 'java/lang/NoSuchMethodError'{0x00000007135022d8}: 'java.lang.Object java.lang.invoke.DirectMethodHandle$Holder.invokeStaticInit(java.lang.Object, int, java.lang.Object)'> (0x00000007135022d8) 
thrown [s\open\src\hotspot\share\interpreter\linkResolver.cpp, line 774]
Event: 0.954 Thread 0x0000019d1f997450 Exception <a 'sun/nio/fs/WindowsException'{0x000000071320a308}> (0x000000071320a308) 
thrown [s\open\src\hotspot\share\prims\jni.cpp, line 520]
Event: 0.961 Thread 0x0000019d1f997450 Exception <a 'jdk/internal/org/jline/terminal/impl/jna/LastErrorException'{0x00000007132169a8}> (0x00000007132169a8) 
thrown [s\open\src\hotspot\share\prims\jni.cpp, line 520]
Event: 0.961 Thread 0x0000019d1f997450 Exception <a 'jdk/internal/org/jline/terminal/impl/jna/LastErrorException'{0x0000000713217068}> (0x0000000713217068) 
thrown [s\open\src\hotspot\share\prims\jni.cpp, line 520]
Event: 0.961 Thread 0x0000019d1f997450 Exception <a 'jdk/internal/org/jline/terminal/impl/jna/LastErrorException'{0x00000007132176d8}> (0x00000007132176d8) 
thrown [s\open\src\hotspot\share\prims\jni.cpp, line 520]
Event: 1.313 Thread 0x0000019d8698b040 Exception <a 'java/lang/NoSuchMethodError'{0x000000071381ef10}: 'long java.lang.invoke.DirectMethodHandle$Holder.invokeSpecial(java.lang.Object, java.lang.Object)'> (0x000000071381ef10) 
thrown [s\open\src\hotspot\share\interpreter\linkResolver.cpp, line 774]
Event: 1.314 Thread 0x0000019d8698b040 Exception <a 'java/lang/NoSuchMethodError'{0x0000000713828d70}: 'long java.lang.invoke.DirectMethodHandle$Holder.invokeStatic(java.lang.Object, java.lang.Object)'> (0x0000000713828d70) 
thrown [s\open\src\hotspot\share\interpreter\linkResolver.cpp, line 774]
Event: 1.315 Thread 0x0000019d8698b040 Exception <a 'java/lang/NoSuchMethodError'{0x000000071382be58}: 'long java.lang.invoke.DirectMethodHandle$Holder.invokeStaticInit(java.lang.Object, java.lang.Object)'> (0x000000071382be58) 
thrown [s\open\src\hotspot\share\interpreter\linkResolver.cpp, line 774]
Event: 1.316 Thread 0x0000019d8698b040 Exception <a 'java/lang/NoSuchMethodError'{0x0000000713838050}: 'long java.lang.invoke.DirectMethodHandle$Holder.invokeInterface(java.lang.Object, java.lang.Object)'> (0x0000000713838050) 
thrown [s\open\src\hotspot\share\interpreter\linkResolver.cpp, line 774]
Event: 1.317 Thread 0x0000019d8698b040 Exception <a 'java/lang/IncompatibleClassChangeError'{0x00000007138bbbc8}: Found class java.lang.Object, but interface was expected> (0x00000007138bbbc8) 
thrown [s\open\src\hotspot\share\interpreter\linkResolver.cpp, line 841]
Event: 1.320 Thread 0x0000019d8698b040 Exception <a 'java/lang/NoSuchMethodError'{0x00000007138d14e8}: 'java.lang.Object java.lang.invoke.DirectMethodHandle$Holder.invokeVirtual(java.lang.Object, java.lang.Object, java.lang.Object, java.lang.Object)'> (0x00000007138d14e8) 
thrown [s\open\src\hotspot\share\interpreter\linkResolver.cpp, line 774]
Event: 1.331 Thread 0x0000019d1f997450 Exception <a 'java/lang/NoSuchMethodError'{0x0000000713936d20}: 'int java.lang.invoke.DirectMethodHandle$Holder.invokeSpecial(java.lang.Object, java.lang.Object, java.lang.Object, java.lang.Object, java.lang.Object)'> (0x0000000713936d20) 
thrown [s\open\src\hotspot\share\interpreter\linkResolver.cpp, line 774]
Event: 1.333 Thread 0x0000019d1f997450 Exception <a 'java/lang/NoSuchMethodError'{0x000000071393f200}: 'void java.lang.invoke.DirectMethodHandle$Holder.invokeVirtual(java.lang.Object, java.lang.Object)'> (0x000000071393f200) 
thrown [s\open\src\hotspot\share\interpreter\linkResolver.cpp, line 774]
Event: 1.442 Thread 0x0000019d1f997450 Exception <a 'java/lang/IncompatibleClassChangeError'{0x00000007131b2508}: Found class java.lang.Object, but interface was expected> (0x00000007131b2508) 
thrown [s\open\src\hotspot\share\interpreter\linkResolver.cpp, line 841]

ZGC Phase Switch (0 events):
No events

VM Operations (20 events):
Event: 0.927 Executing VM operation: HandshakeAllThreads (Deoptimize)
Event: 0.927 Executing VM operation: HandshakeAllThreads (Deoptimize) done
Event: 0.944 Executing VM operation: HandshakeAllThreads (Deoptimize)
Event: 0.945 Executing VM operation: HandshakeAllThreads (Deoptimize) done
Event: 1.033 Executing VM operation: ICBufferFull
Event: 1.033 Executing VM operation: ICBufferFull done
Event: 1.134 Executing VM operation: HandshakeAllThreads (Deoptimize)
Event: 1.134 Executing VM operation: HandshakeAllThreads (Deoptimize) done
Event: 1.264 Executing VM operation: HandshakeAllThreads (Deoptimize)
Event: 1.264 Executing VM operation: HandshakeAllThreads (Deoptimize) done
Event: 1.287 Executing VM operation: G1CollectForAllocation (G1 Evacuation Pause)
Event: 1.292 Executing VM operation: G1CollectForAllocation (G1 Evacuation Pause) done
Event: 1.312 Executing VM operation: HandshakeAllThreads (Deoptimize)
Event: 1.313 Executing VM operation: HandshakeAllThreads (Deoptimize) done
Event: 1.336 Executing VM operation: HandshakeAllThreads (Deoptimize)
Event: 1.336 Executing VM operation: HandshakeAllThreads (Deoptimize) done
Event: 1.350 Executing VM operation: HandshakeAllThreads (Deoptimize)
Event: 1.350 Executing VM operation: HandshakeAllThreads (Deoptimize) done
Event: 1.390 Executing VM operation: HandshakeAllThreads (Deoptimize)
Event: 1.390 Executing VM operation: HandshakeAllThreads (Deoptimize) done

Events (18 events):
Event: 0.030 Thread 0x0000019d1f997450 Thread added: 0x0000019d1f997450
Event: 0.047 Thread 0x0000019d408bf3c0 Thread added: 0x0000019d408bf3c0
Event: 0.047 Thread 0x0000019d408c0b90 Thread added: 0x0000019d408c0b90
Event: 0.047 Thread 0x0000019d408c3eb0 Thread added: 0x0000019d408c3eb0
Event: 0.047 Thread 0x0000019d408c4c00 Thread added: 0x0000019d408c4c00
Event: 0.047 Thread 0x0000019d408cbad0 Thread added: 0x0000019d408cbad0
Event: 0.048 Thread 0x0000019d408d6380 Thread added: 0x0000019d408d6380
Event: 0.048 Thread 0x0000019d408fbf50 Thread added: 0x0000019d408fbf50
Event: 0.048 Thread 0x0000019d408fda70 Thread added: 0x0000019d408fda70
Event: 0.099 Thread 0x0000019d40aeffc0 Thread added: 0x0000019d40aeffc0
Event: 0.123 Thread 0x0000019d40c76f10 Thread added: 0x0000019d40c76f10
Event: 0.152 Thread 0x0000019d40c753d0 Thread added: 0x0000019d40c753d0
Event: 0.213 Thread 0x0000019d40de39b0 Thread added: 0x0000019d40de39b0
Event: 0.213 Thread 0x0000019d860a9a40 Thread added: 0x0000019d860a9a40
Event: 0.934 Thread 0x0000019d8698b040 Thread added: 0x0000019d8698b040
Event: 1.385 Thread 0x0000019d871e6b10 Thread added: 0x0000019d871e6b10
Event: 1.413 Thread 0x0000019d871e6b10 Thread exited: 0x0000019d871e6b10
Event: 1.431 Thread 0x0000019d8698b040 Thread exited: 0x0000019d8698b040


Dynamic libraries:
0x00007ff74be40000 - 0x00007ff74be50000 	C:\Program Files\Java\jdk-22\bin\java.exe
0x00007ffc73990000 - 0x00007ffc73ba7000 	C:\WINDOWS\SYSTEM32\ntdll.dll
0x00007ffc71f80000 - 0x00007ffc72044000 	C:\WINDOWS\System32\KERNEL32.DLL
0x00007ffc71320000 - 0x00007ffc716cd000 	C:\WINDOWS\System32\KERNELBASE.dll
0x00007ffc70cc0000 - 0x00007ffc70dd1000 	C:\WINDOWS\System32\ucrtbase.dll
0x00007ffc52cd0000 - 0x00007ffc52ceb000 	C:\Program Files\Java\jdk-22\bin\VCRUNTIME140.dll
0x00007ffc34ee0000 - 0x00007ffc34ef7000 	C:\Program Files\Java\jdk-22\bin\jli.dll
0x00007ffc728d0000 - 0x00007ffc72982000 	C:\WINDOWS\System32\ADVAPI32.dll
0x00007ffc733a0000 - 0x00007ffc73447000 	C:\WINDOWS\System32\msvcrt.dll
0x00007ffc71e20000 - 0x00007ffc71ec9000 	C:\WINDOWS\System32\sechost.dll
0x00007ffc710e0000 - 0x00007ffc71108000 	C:\WINDOWS\System32\bcrypt.dll
0x00007ffc71750000 - 0x00007ffc71864000 	C:\WINDOWS\System32\RPCRT4.dll
0x00007ffc73480000 - 0x00007ffc7362e000 	C:\WINDOWS\System32\USER32.dll
0x00007ffc70ed0000 - 0x00007ffc70ef6000 	C:\WINDOWS\System32\win32u.dll
0x00007ffc51e50000 - 0x00007ffc520e3000 	C:\WINDOWS\WinSxS\amd64_microsoft.windows.common-controls_6595b64144ccf1df_6.0.22621.3672_none_2713b9d173822955\COMCTL32.dll
0x00007ffc72180000 - 0x00007ffc721a9000 	C:\WINDOWS\System32\GDI32.dll
0x00007ffc70f00000 - 0x00007ffc71019000 	C:\WINDOWS\System32\gdi32full.dll
0x00007ffc71110000 - 0x00007ffc711aa000 	C:\WINDOWS\System32\msvcp_win.dll
0x00007ffc69b80000 - 0x00007ffc69b8a000 	C:\WINDOWS\SYSTEM32\VERSION.dll
0x00007ffc719d0000 - 0x00007ffc71a01000 	C:\WINDOWS\System32\IMM32.DLL
0x00007ffc6c100000 - 0x00007ffc6c10c000 	C:\Program Files\Java\jdk-22\bin\vcruntime140_1.dll
0x00007ffc002a0000 - 0x00007ffc0032e000 	C:\Program Files\Java\jdk-22\bin\msvcp140.dll
0x00007ffbb7ea0000 - 0x00007ffbb8be7000 	C:\Program Files\Java\jdk-22\bin\server\jvm.dll
0x00007ffc716d0000 - 0x00007ffc71741000 	C:\WINDOWS\System32\WS2_32.dll
0x00007ffc70ad0000 - 0x00007ffc70b1d000 	C:\WINDOWS\SYSTEM32\POWRPROF.dll
0x00007ffc6bfd0000 - 0x00007ffc6c004000 	C:\WINDOWS\SYSTEM32\WINMM.dll
0x00007ffc709b0000 - 0x00007ffc709c3000 	C:\WINDOWS\SYSTEM32\UMPDC.dll
0x00007ffc6fcf0000 - 0x00007ffc6fd08000 	C:\WINDOWS\SYSTEM32\kernel.appcore.dll
0x00007ffc60e60000 - 0x00007ffc60e6a000 	C:\Program Files\Java\jdk-22\bin\jimage.dll
0x00007ffc6e500000 - 0x00007ffc6e732000 	C:\WINDOWS\SYSTEM32\DBGHELP.DLL
0x00007ffc71a90000 - 0x00007ffc71e18000 	C:\WINDOWS\System32\combase.dll
0x00007ffc72050000 - 0x00007ffc72127000 	C:\WINDOWS\System32\OLEAUT32.dll
0x00007ffc69b40000 - 0x00007ffc69b72000 	C:\WINDOWS\SYSTEM32\dbgcore.DLL
0x00007ffc70e50000 - 0x00007ffc70ecb000 	C:\WINDOWS\System32\bcryptPrimitives.dll
0x00007ffc6cb40000 - 0x00007ffc6cb4f000 	C:\Program Files\Java\jdk-22\bin\instrument.dll
0x00007ffc22640000 - 0x00007ffc2265e000 	C:\Program Files\Java\jdk-22\bin\java.dll
0x00007ffc72b40000 - 0x00007ffc7339f000 	C:\WINDOWS\System32\SHELL32.dll
0x00007ffc72990000 - 0x00007ffc72b35000 	C:\WINDOWS\System32\ole32.dll
0x00007ffc6ec10000 - 0x00007ffc6f50c000 	C:\WINDOWS\SYSTEM32\windows.storage.dll
0x00007ffc6ead0000 - 0x00007ffc6ec0f000 	C:\WINDOWS\SYSTEM32\wintypes.dll
0x00007ffc72350000 - 0x00007ffc72444000 	C:\WINDOWS\System32\SHCORE.dll
0x00007ffc73630000 - 0x00007ffc7368e000 	C:\WINDOWS\System32\shlwapi.dll
0x00007ffc70bf0000 - 0x00007ffc70c11000 	C:\WINDOWS\SYSTEM32\profapi.dll
0x00007ffbee530000 - 0x00007ffbee607000 	C:\Program Files\Java\jdk-22\bin\jsvml.dll
0x00007ffc22310000 - 0x00007ffc22327000 	C:\Program Files\Java\jdk-22\bin\zip.dll
0x00007ffc60e10000 - 0x00007ffc60e20000 	C:\Program Files\Java\jdk-22\bin\net.dll
0x00007ffc70160000 - 0x00007ffc701c9000 	C:\WINDOWS\system32\mswsock.dll
0x00007ffc22330000 - 0x00007ffc22346000 	C:\Program Files\Java\jdk-22\bin\nio.dll
0x00007ffc6c170000 - 0x00007ffc6c18a000 	C:\Program Files\JetBrains\IntelliJ IDEA Community Edition 2024.1.4\bin\breakgen64.dll
0x00007ffc5ba30000 - 0x00007ffc5ba39000 	C:\Program Files\Java\jdk-22\bin\extnet.dll
0x00007ffc6c0a0000 - 0x00007ffc6c0ab000 	C:\Program Files\Java\jdk-22\bin\le.dll
0x00007ffc34b60000 - 0x00007ffc34b6e000 	C:\Program Files\Java\jdk-22\bin\sunmscapi.dll
0x00007ffc711b0000 - 0x00007ffc71317000 	C:\WINDOWS\System32\CRYPT32.dll
0x00007ffc70580000 - 0x00007ffc705ae000 	C:\WINDOWS\SYSTEM32\ncrypt.dll
0x00007ffc70540000 - 0x00007ffc70577000 	C:\WINDOWS\SYSTEM32\NTASN1.dll

dbghelp: loaded successfully - version: 4.0.5 - missing functions: none
symbol engine: initialized successfully - sym options: 0x614 - pdb path: .;C:\Program Files\Java\jdk-22\bin;C:\WINDOWS\SYSTEM32;C:\WINDOWS\WinSxS\amd64_microsoft.windows.common-controls_6595b64144ccf1df_6.0.22621.3672_none_2713b9d173822955;C:\Program Files\Java\jdk-22\bin\server;C:\Program Files\JetBrains\IntelliJ IDEA Community Edition 2024.1.4\bin

VM Arguments:
jvm_args: -javaagent:C:\Program Files\JetBrains\IntelliJ IDEA Community Edition 2024.1.4\lib\idea_rt.jar=63681:C:\Program Files\JetBrains\IntelliJ IDEA Community Edition 2024.1.4\bin -Dfile.encoding=UTF-8 -Dsun.stdout.encoding=UTF-8 -Dsun.stderr.encoding=UTF-8 
java_command: com.example.employeemanagement.EmployeemanagementApplication
java_class_path (initial): C:\Users\varsh\Downloads\employeemanagement\employeemanagement\target\classes;C:\Users\varsh\.m2\repository\org\springframework\boot\spring-boot-starter-data-jpa\3.3.1\spring-boot-starter-data-jpa-3.3.1.jar;C:\Users\varsh\.m2\repository\org\springframework\boot\spring-boot-starter-aop\3.3.1\spring-boot-starter-aop-3.3.1.jar;C:\Users\varsh\.m2\repository\org\springframework\spring-aop\6.1.10\spring-aop-6.1.10.jar;C:\Users\varsh\.m2\repository\org\aspectj\aspectjweaver\1.9.22\aspectjweaver-1.9.22.jar;C:\Users\varsh\.m2\repository\org\springframework\boot\spring-boot-starter-jdbc\3.3.1\spring-boot-starter-jdbc-3.3.1.jar;C:\Users\varsh\.m2\repository\com\zaxxer\HikariCP\5.1.0\HikariCP-5.1.0.jar;C:\Users\varsh\.m2\repository\org\springframework\spring-jdbc\6.1.10\spring-jdbc-6.1.10.jar;C:\Users\varsh\.m2\repository\org\hibernate\orm\hibernate-core\6.5.2.Final\hibernate-core-6.5.2.Final.jar;C:\Users\varsh\.m2\repository\jakarta\persistence\jakarta.persistence-api\3.1.0\jakarta.persistence-api-3.1.0.jar;C:\Users\varsh\.m2\repository\jakarta\transaction\jakarta.transaction-api\2.0.1\jakarta.transaction-api-2.0.1.jar;C:\Users\varsh\.m2\repository\org\jboss\logging\jboss-logging\3.5.3.Final\jboss-logging-3.5.3.Final.jar;C:\Users\varsh\.m2\repository\org\hibernate\common\hibernate-commons-annotations\6.0.6.Final\hibernate-commons-annotations-6.0.6.Final.jar;C:\Users\varsh\.m2\repository\io\smallrye\jandex\3.1.2\jandex-3.1.2.jar;C:\Users\varsh\.m2\repository\com\fasterxml\classmate\1.7.0\classmate-1.7.0.jar;C:\Users\varsh\.m2\repository\net\bytebuddy\byte-buddy\1.14.17\byte-buddy-1.14.17.jar;C:\Users\varsh\.m2\repository\org\glassfish\jaxb\jaxb-runtime\4.0.5\jaxb-runtime-4.0.5.jar;C:\Users\varsh\.m2\repository\org\glassfish\jaxb\jaxb-core\4.0.5\jaxb-core-4.0.5.jar;C:\Users\varsh\.m2\repository\org\eclipse\angus\angus-activation\2.0.2\angus-activation-2.0.2.jar;C:\Users\varsh\.m2\repository\org\glassfish\jaxb\txw2\4.0.5\txw2-4.0.5.jar;C:\Users\varsh\.m2\repository\com\sun\istack\istack-commons-runtime\4.1.2\istack-commons-runtime-4.1.2.jar;C:\Users\varsh\.m2\repository\jakarta\inject\jakarta.inject-api\2.0.1\jakarta.inject-api-2.0.1.jar;C:\Users\varsh\.m2\repository\org\antlr\antlr4-runtime\4.13.0\antlr4-runtime-4.13.0.jar;C:\Users\varsh\.m2\repository\org\springframework\data\spring-data-jpa\3.3.1\spring-data-jpa-3.3.1.jar;C:\Users\varsh\.m2\repository\org\springframework\data\spring-data-commons\3.3.1\spring-data-commons-3.3.1.jar;C:\Users\varsh\.m2\repository\org\springframework\spring-orm\6.1.10\spring-orm-6.1.10.jar;C:\Users\varsh\.m2\repository\org\springframework\spring-context\6.1.10\spring-context-6.1.10.jar;C:\Users\varsh\.m2\repository\org\springframework\spring-tx\6.1.10\spring-tx-6.1.10.jar;C:\Users\varsh\.m2\repository\org\springframework\spring-beans\6.1.10\spring-beans-6.1.10.jar;C:\Users\varsh\.m2\repository\jakarta\annotation\jakarta.annotation-api\2.1.1\jakarta.annotation-api-2.1.1.jar;C:\Users\varsh\.m2\repository\org\slf4j\slf4j-api\2.0.13\slf4j-api-2.0.13.jar;C:\Users\varsh\.m2\repository\org\springframework\spring-aspects\6.1.10\spring-aspects-6.1.10.jar;C:\Users\varsh\.m2\repository\org\springframework\boot\spring-boot-starter-web\3.3.1\spring-boot-starter-web-3.3.1.jar;C:\Users\varsh\.m2\repository\org\springframework\boot\spring-boot-starter\3.3.1\spring-boot-starter-3.3.1.jar;C:\Users\varsh\.m2\repository\org\springframework\boot\spring-boot\3.3.1\spring-boot-3.3.1.jar;C:\Users\varsh\.m2\repository\org\springframework\boot\spring-boot-autoconfigure\3.3.1\spring-boot-autoconfigure-3.3.1.jar;C:\Users\varsh\.m2\repository\org\springframework\boot\spring-boot-starter-logging\3.3.1\spring-boot-starter-logging-3.3.1.jar;C:\Users\varsh\.m2\repository\ch\qos\logback\logback-classic\1.5.6\logback-classic-1.5.6.jar;C:\Users\varsh\.m2\repository\ch\qos\logback\logback-core\1.5.6\logback-core-1.5.6.jar;C:\Users\varsh\.m2\repository\org\apache\logging\log4j\log4j-to-slf4j\2.23.1\log4j-to-slf4j-2.23.1.jar;C:\Users\varsh\.m2\repository\org\apache\logging\log4j\log4j-api\2.23.1\log4j-api-2.23.1.jar;C:\Users\varsh\.m2\repository\org\slf4j\jul-to-slf4j\2.0.13\jul-to-slf4j-2.0.13.jar;C:\Users\varsh\.m2\repository\org\yaml\snakeyaml\2.2\snakeyaml-2.2.jar;C:\Users\varsh\.m2\repository\org\springframework\boot\spring-boot-starter-json\3.3.1\spring-boot-starter-json-3.3.1.jar;C:\Users\varsh\.m2\repository\com\fasterxml\jackson\core\jackson-databind\2.17.1\jackson-databind-2.17.1.jar;C:\Users\varsh\.m2\repository\com\fasterxml\jackson\core\jackson-annotations\2.17.1\jackson-annotations-2.17.1.jar;C:\Users\varsh\.m2\repository\com\fasterxml\jackson\core\jackson-core\2.17.1\jackson-core-2.17.1.jar;C:\Users\varsh\.m2\repository\com\fasterxml\jackson\datatype\jackson-datatype-jdk8\2.17.1\jackson-datatype-jdk8-2.17.1.jar;C:\Users\varsh\.m2\repository\com\fasterxml\jackson\datatype\jackson-datatype-jsr310\2.17.1\jackson-datatype-jsr310-2.17.1.jar;C:\Users\varsh\.m2\repository\com\fasterxml\jackson\module\jackson-module-parameter-names\2.17.1\jackson-module-parameter-names-2.17.1.jar;C:\Users\varsh\.m2\repository\org\springframework\boot\spring-boot-starter-tomcat\3.3.1\spring-boot-starter-tomcat-3.3.1.jar;C:\Users\varsh\.m2\repository\org\apache\tomcat\embed\tomcat-embed-core\10.1.25\tomcat-embed-core-10.1.25.jar;C:\Users\varsh\.m2\repository\org\apache\tomcat\embed\tomcat-embed-el\10.1.25\tomcat-embed-el-10.1.25.jar;C:\Users\varsh\.m2\repository\org\apache\tomcat\embed\tomcat-embed-websocket\10.1.25\tomcat-embed-websocket-10.1.25.jar;C:\Users\varsh\.m2\repository\org\springframework\spring-web\6.1.10\spring-web-6.1.10.jar;C:\Users\varsh\.m2\repository\io\micrometer\micrometer-observation\1.13.1\micrometer-observation-1.13.1.jar;C:\Users\varsh\.m2\repository\io\micrometer\micrometer-commons\1.13.1\micrometer-commons-1.13.1.jar;C:\Users\varsh\.m2\repository\org\springframework\spring-webmvc\6.1.10\spring-webmvc-6.1.10.jar;C:\Users\varsh\.m2\repository\org\springframework\spring-expression\6.1.10\spring-expression-6.1.10.jar;C:\Users\varsh\.m2\repository\com\mysql\mysql-connector-j\8.3.0\mysql-connector-j-8.3.0.jar;C:\Users\varsh\.m2\repository\jakarta\xml\bind\jakarta.xml.bind-api\4.0.2\jakarta.xml.bind-api-4.0.2.jar;C:\Users\varsh\.m2\repository\jakarta\activation\jakarta.activation-api\2.1.3\jakarta.activation-api-2.1.3.jar;C:\Users\varsh\.m2\repository\org\springframework\spring-core\6.1.10\spring-core-6.1.10.jar;C:\Users\varsh\.m2\repository\org\springframework\spring-jcl\6.1.10\spring-jcl-6.1.10.jar
Launcher Type: SUN_STANDARD

[Global flags]
     intx CICompilerCount                          = 4                                         {product} {ergonomic}
     uint ConcGCThreads                            = 2                                         {product} {ergonomic}
     uint G1ConcRefinementThreads                  = 8                                         {product} {ergonomic}
   size_t G1HeapRegionSize                         = 2097152                                   {product} {ergonomic}
   size_t InitialHeapSize                          = 264241152                                 {product} {ergonomic}
   size_t MarkStackSize                            = 4194304                                   {product} {ergonomic}
   size_t MaxHeapSize                              = 4227858432                                {product} {ergonomic}
   size_t MaxNewSize                               = 2535456768                                {product} {ergonomic}
   size_t MinHeapDeltaBytes                        = 2097152                                   {product} {ergonomic}
   size_t MinHeapSize                              = 8388608                                   {product} {ergonomic}
    uintx NonNMethodCodeHeapSize                   = 5839372                                {pd product} {ergonomic}
    uintx NonProfiledCodeHeapSize                  = 122909434                              {pd product} {ergonomic}
    uintx ProfiledCodeHeapSize                     = 122909434                              {pd product} {ergonomic}
    uintx ReservedCodeCacheSize                    = 251658240                              {pd product} {ergonomic}
     bool SegmentedCodeCache                       = true                                      {product} {ergonomic}
   size_t SoftMaxHeapSize                          = 4227858432                             {manageable} {ergonomic}
     bool UseCompressedOops                        = true                           {product lp64_product} {ergonomic}
     bool UseG1GC                                  = true                                      {product} {ergonomic}
     bool UseLargePagesIndividualAllocation        = false                                  {pd product} {ergonomic}

Logging:
Log output configuration:
 #0: stdout all=warning uptime,level,tags foldmultilines=false
 #1: stderr all=off uptime,level,tags foldmultilines=false

Environment Variables:
PATH=C:\Program Files\Common Files\Oracle\Java\javapath;C:\WINDOWS\system32;C:\WINDOWS;C:\WINDOWS\System32\Wbem;C:\WINDOWS\System32\WindowsPowerShell\v1.0\;C:\WINDOWS\System32\OpenSSH\;C:\Program Files\dotnet\;C:\Program Files (x86)\IVI Foundation\VISA\WinNT\Bin\;C:\Program Files\IVI Foundation\VISA\Win64\Bin\;C:\Program Files (x86)\IVI Foundation\VISA\WinNT\Bin;C:\Users\varsh\AppData\Roaming\Python\Python310\Scripts;C:\Program Files\CMake\bin;C:\Program Files\Git LFS;C:\Users\varsh\Downloads\apache-maven-3.9.2-src\apache-maven-3.9.2\apache-maven\src\bin;C:\Program Files\Azure Data Studio\bin;C:\Program Files (x86)\Microsoft SQL Server\160\Tools\Binn\;C:\Program Files\Microsoft SQL Server\160\Tools\Binn\;C:\Program Files\Microsoft SQL Server\Client SDK\ODBC\170\Tools\Binn\;C:\Program Files\Microsoft SQL Server\160\DTS\Binn\;D:\Git\cmd;C:\Program Files\MongoDB\Server\7.0\bin;C:\WINDOWS\system32;C:\WINDOWS;C:\WINDOWS\System32\Wbem;C:\WINDOWS\System32\WindowsPowerShell\v1.0\;C:\WINDOWS\System32\OpenSSH\;C:\Program Files\dotnet\;C:\Program Files (x86)\IVI Foundation\VISA\WinNT\Bin\;C:\Program Files\IVI Foundation\VISA\Win64\Bin\;C:\Program Files (x86)\IVI Foundation\VISA\WinNT\Bin;C:\Users\varsh\AppData\Roaming\Python\Python310\Scripts;C:\Program Files\CMake\bin;C:\Program Files\Git LFS;C:\Users\varsh\Downloads\apache-maven-3.9.2-src\apache-maven-3.9.2\apache-maven\src\bin;C:\Program Files\Azure Data Studio\bin;C:\Program Files (x86)\Microsoft SQL Server\160\Tools\Binn\;C:\Program Files\Microsoft SQL Server\160\Tools\Binn\;C:\Program Files\Microsoft SQL Server\Client SDK\ODBC\170\Tools\Binn\;C:\Program Files\Microsoft SQL Server\160\DTS\Binn\;C:\Program Files\Common Files\Oracle\Java\javapath;C:\Program Files\Git\cmd;C:\Program Files (x86)\Microsoft SQL Server\160\DTS\Binn\;C:\Program Files\nodejs\;C:\Users\varsh\AppData\Local\Microsoft\Wi;C:\Users\varsh\AppData\Local\Turbo\Cmd\
USERNAME=varsh
OS=Windows_NT
PROCESSOR_IDENTIFIER=Intel64 Family 6 Model 140 Stepping 1, GenuineIntel
TMP=C:\Users\varsh\AppData\Local\Temp
TEMP=C:\Users\varsh\AppData\Local\Temp




Periodic native trim disabled

---------------  S Y S T E M  ---------------

OS:
 Windows 11 , 64 bit Build 22621 (10.0.22621.3672)
OS uptime: 0 days 17:25 hours

CPU: total 8 (initial active 8) (4 cores per cpu, 2 threads per core) family 6 model 140 stepping 1 microcode 0xa4, cx8, cmov, fxsr, ht, mmx, 3dnowpref, sse, sse2, sse3, ssse3, sse4.1, sse4.2, popcnt, lzcnt, tsc, tscinvbit, avx, avx2, aes, erms, clmul, bmi1, bmi2, adx, avx512f, avx512dq, avx512cd, avx512bw, avx512vl, sha, fma, vzeroupper, avx512_vpopcntdq, avx512_vpclmulqdq, avx512_vaes, avx512_vnni, clflush, clflushopt, clwb, avx512_vbmi2, avx512_vbmi, rdtscp, rdpid, fsrm, gfni, avx512_bitalg, f16c, pku, cet_ibt, cet_ss, avx512_ifma
Processor Information for processor 0
  Max Mhz: 2611, Current Mhz: 1205, Mhz Limit: 2611
Processor Information for processor 1
  Max Mhz: 2611, Current Mhz: 1205, Mhz Limit: 2611
Processor Information for processor 2
  Max Mhz: 2611, Current Mhz: 2611, Mhz Limit: 2611
Processor Information for processor 3
  Max Mhz: 2611, Current Mhz: 1205, Mhz Limit: 2611
Processor Information for processor 4
  Max Mhz: 2611, Current Mhz: 1205, Mhz Limit: 2611
Processor Information for processor 5
  Max Mhz: 2611, Current Mhz: 2611, Mhz Limit: 2611
Processor Information for processor 6
  Max Mhz: 2611, Current Mhz: 2611, Mhz Limit: 2611
Processor Information for processor 7
  Max Mhz: 2611, Current Mhz: 1205, Mhz Limit: 2611

Memory: 4k page, system-wide physical 16122M (2006M free)
TotalPageFile size 22083M (AvailPageFile size 3M)
current process WorkingSet (physical memory assigned to process): 132M, peak: 132M
current process commit charge ("private bytes"): 381M, peak: 381M

vm_info: Java HotSpot(TM) 64-Bit Server VM (22.0.1+8-16) for windows-amd64 JRE (22.0.1+8-16), built on 2024-03-12T10:33:16Z by "mach5one" with MS VC++ 17.6 (VS2022)

END.
